Дата и время вызова функции 31-08-2024 время 23:01:05,
    имя функции hello_world,
    аргументы функции ((), {}),
    значение функции Hello World;

Дата и время вызова функции 31-08-2024 время 23:01:05,
    имя функции summator,
    аргументы функции ((2, 2), {}),
    значение функции 4;

Дата и время вызова функции 31-08-2024 время 23:01:05,
    имя функции div,
    аргументы функции ((6, 2), {}),
    значение функции 3.0;

Дата и время вызова функции 31-08-2024 время 23:01:05,
    имя функции summator,
    аргументы функции ((4.3,), {'b': 2.2}),
    значение функции 6.5;

Дата и время вызова функции 31-08-2024 время 23:01:05,
    имя функции summator,
    аргументы функции ((), {'a': 0, 'b': 0}),
    значение функции 0;

